{"name": "Test Valid Credentials", "status": "failed", "statusDetails": {"message": "AssertionError: Login failed, welcome message not visible", "trace": "self = <paraBank_test.TestParaBank object at 0x0000020CD6E0AFD0>\n\n    @allure.title(\"Test Valid Credentials\")\n    def test_valid_login(self):\n>       self.pb.valid_login()\n\ntestcases\\paraBank_test.py:69: \n_ _ _ _ _ _ _ _ _ _ _ _ _ _ _ _ _ _ _ _ _ _ _ _ _ _ _ _ _ _ _ _ _ _ _ _ _ _ _ _ _ _ _ _ _ _ _ _ _ _ _ _ _ _ _ _ _ _ _ _ _ _ _ _ _ _ _ _ _ _ _ _ _ _ _ _ _ _ _ _ _ _ _ _ _ _ _ _ _ \n\nself = <pages.paraBank_page.ParaBankPage object at 0x0000020CD6F80CD0>\n\n    @allure.step(\"Validating login with valid credentials\")\n    def valid_login(self):\n        self.get_element(self.Locators.VALID_USERNAME).send_keys(self.userName)\n        self.get_element(self.Locators.VALID_PASSWORD).send_keys(self.password)\n        self.click_on_element(self.Locators.LOGIN_BUTTON)\n        landing_page= self.get_element((By.NAME, \"showOverview\"))\n        sleep(2)\n>       assert self.is_element_visible(landing_page), \"Login failed, welcome message not visible\"\n               ^^^^^^^^^^^^^^^^^^^^^^^^^^^^^^^^^^^^^\nE       AssertionError: Login failed, welcome message not visible\n\npages\\paraBank_page.py:120: AssertionError"}, "steps": [{"name": "Validating login with valid credentials", "status": "failed", "statusDetails": {"message": "AssertionError: Login failed, welcome message not visible\n", "trace": "  File \"C:\\vsCode\\parabank_credentials\\venv\\Lib\\site-packages\\allure_commons\\_allure.py\", line 202, in impl\n    return func(*a, **kw)\n  File \"C:\\vsCode\\parabank_credentials\\pages\\paraBank_page.py\", line 120, in valid_login\n    assert self.is_element_visible(landing_page), \"Login failed, welcome message not visible\"\n           ~~~~~~~~~~~~~~~~~~~~~~~^^^^^^^^^^^^^^\n"}, "start": 1751096183714, "stop": 1751096197613}], "attachments": [{"name": "screenshot", "source": "1de94c3a-ec4b-4752-af6d-ff1b2b3f425b-attachment.png", "type": "image/png"}, {"name": "stdout", "source": "131cae83-7240-43ff-98cd-fb0a1567ebca-attachment.txt", "type": "text/plain"}], "start": 1751096183713, "stop": 1751096197614, "uuid": "a6fa3cfd-9b07-467e-acc4-178ac0ff2b97", "historyId": "b02c000aaec4e3b1734b87abde7050f5", "testCaseId": "b02c000aaec4e3b1734b87abde7050f5", "fullName": "testcases.paraBank_test.TestParaBank#test_valid_login", "labels": [{"name": "parentSuite", "value": "testcases"}, {"name": "suite", "value": "paraBank_test"}, {"name": "subSuite", "value": "TestParaBank"}, {"name": "host", "value": "Hans"}, {"name": "thread", "value": "18904-MainThread"}, {"name": "framework", "value": "pytest"}, {"name": "language", "value": "cpython3"}, {"name": "package", "value": "testcases.paraBank_test"}]}